<?xml version="1.0" encoding="UTF-8"?>
<!-- Generated by org.testng.reporters.JUnitXMLReporter -->
<testsuite hostname="DESKTOP-6NI868R" ignored="0" name="Test" tests="3" failures="3" timestamp="06 Sep 2019 15:30:55 GMT" time="37.722" errors="0">
  <testcase name="ContactTest" time="0.011" classname="ScreenshotTestPackage.ScreenshotTest">
    <failure type="java.lang.AssertionError" message="expected [false] but found [true]">
      <![CDATA[java.lang.AssertionError: expected [false] but found [true]
at ScreenshotTestPackage.ScreenshotTest.ContactTest(ScreenshotTest.java:32)
... Removed 31 stack frames]]>
    </failure>
  </testcase> <!-- ContactTest -->
  <testcase name="LoginTest" time="0.0" classname="ScreenshotTestPackage.ScreenshotTest">
    <failure type="java.lang.AssertionError" message="expected [false] but found [true]">
      <![CDATA[java.lang.AssertionError: expected [false] but found [true]
at ScreenshotTestPackage.ScreenshotTest.LoginTest(ScreenshotTest.java:23)
... Removed 31 stack frames]]>
    </failure>
  </testcase> <!-- LoginTest -->
  <testcase name="SearchTest" time="0.001" classname="ScreenshotTestPackage.ScreenshotTest">
    <failure type="java.lang.AssertionError" message="expected [false] but found [true]">
      <![CDATA[java.lang.AssertionError: expected [false] but found [true]
at ScreenshotTestPackage.ScreenshotTest.SearchTest(ScreenshotTest.java:28)
... Removed 31 stack frames]]>
    </failure>
  </testcase> <!-- SearchTest -->
</testsuite> <!-- Test -->
